Using pre-set license
Built from '2020.3/staging' branch; Version is '2020.3.23f1 (c5d91304a876) revision 12966163'; Using compiler version '192528614'; Build Type 'Release'
OS: 'Windows 10 Home; OS build 19044.1415; Version 2009; 64bit' Language: 'en' Physical Memory: 8060 MB
BatchMode: 1, IsHumanControllingUs: 0, StartBugReporterOnCrash: 0, Is64bit: 1, IsPro: 0

COMMAND LINE ARGUMENTS:
C:\Program Files\Unity\Hub\Editor\2020.3.23f1\Editor\Unity.exe
-adb2
-batchMode
-noUpm
-name
AssetImportWorker1
-projectPath
C:/Users/Yeske/Desktop/CS222 Unity/C4_Lab05
-logFile
Logs/AssetImportWorker1.log
-srvPort
60055
Successfully changed project path to: C:/Users/Yeske/Desktop/CS222 Unity/C4_Lab05
C:/Users/Yeske/Desktop/CS222 Unity/C4_Lab05
Using Asset Import Pipeline V2.
Refreshing native plugins compatible for Editor in 72.20 ms, found 2 plugins.
Preloading 0 native plugins for Editor in 0.00 ms.
Initialize engine version: 2020.3.23f1 (c5d91304a876)
[Subsystems] Discovering subsystems at path C:/Program Files/Unity/Hub/Editor/2020.3.23f1/Editor/Data/Resources/UnitySubsystems
[Subsystems] Discovering subsystems at path C:/Users/Yeske/Desktop/CS222 Unity/C4_Lab05/Assets
GfxDevice: creating device client; threaded=0
Direct3D:
    Version:  Direct3D 11.0 [level 11.0]
    Renderer: NVIDIA GeForce GTX 950M (ID=0x139a)
    Vendor:   
    VRAM:     4053 MB
    Driver:   30.0.14.9729
Initialize mono
Mono path[0] = 'C:/Program Files/Unity/Hub/Editor/2020.3.23f1/Editor/Data/Managed'
Mono path[1] = 'C:/Program Files/Unity/Hub/Editor/2020.3.23f1/Editor/Data/MonoBleedingEdge/lib/mono/unityjit'
Mono config path = 'C:/Program Files/Unity/Hub/Editor/2020.3.23f1/Editor/Data/MonoBleedingEdge/etc'
Using monoOptions --debugger-agent=transport=dt_socket,embedding=1,server=y,suspend=n,address=127.0.0.1:56212
Begin MonoManager ReloadAssembly
Registering precompiled unity dll's ...
Register platform support module: C:/Program Files/Unity/Hub/Editor/2020.3.23f1/Editor/Data/PlaybackEngines/WebGLSupport/UnityEditor.WebGL.Extensions.dll
Register platform support module: C:/Program Files/Unity/Hub/Editor/2020.3.23f1/Editor/Data/PlaybackEngines/WindowsStandaloneSupport/UnityEditor.WindowsStandalone.Extensions.dll
Registered in 0.004188 seconds.
Native extension for WindowsStandalone target not found
Native extension for WebGL target not found
Refreshing native plugins compatible for Editor in 65.59 ms, found 2 plugins.
Preloading 0 native plugins for Editor in 0.00 ms.
Mono: successfully reloaded assembly
- Completed reload, in  1.176 seconds
Domain Reload Profiling:
	ReloadAssembly (1176ms)
		BeginReloadAssembly (102ms)
			ExecutionOrderSort (0ms)
			DisableScriptedObjects (0ms)
			BackupInstance (0ms)
			ReleaseScriptingObjects (0ms)
			CreateAndSetChildDomain (1ms)
		EndReloadAssembly (911ms)
			LoadAssemblies (98ms)
			RebuildTransferFunctionScriptingTraits (0ms)
			SetupTypeCache (338ms)
			ReleaseScriptCaches (0ms)
			RebuildScriptCaches (65ms)
			SetupLoadedEditorAssemblies (312ms)
				LogAssemblyErrors (0ms)
				InitializePlatformSupportModulesInManaged (9ms)
				SetLoadedEditorAssemblies (0ms)
				RefreshPlugins (66ms)
				BeforeProcessingInitializeOnLoad (24ms)
				ProcessInitializeOnLoadAttributes (155ms)
				ProcessInitializeOnLoadMethodAttributes (58ms)
				AfterProcessingInitializeOnLoad (0ms)
				EditorAssembliesLoaded (0ms)
			ExecutionOrderSort2 (0ms)
			AwakeInstancesAfterBackupRestoration (0ms)
Platform modules already initialized, skipping
Registering precompiled user dll's ...
Registered in 0.009122 seconds.
Begin MonoManager ReloadAssembly
Native extension for WindowsStandalone target not found
Native extension for WebGL target not found
Refreshing native plugins compatible for Editor in 0.59 ms, found 2 plugins.
Preloading 0 native plugins for Editor in 0.00 ms.
Mono: successfully reloaded assembly
- Completed reload, in  6.297 seconds
Domain Reload Profiling:
	ReloadAssembly (6304ms)
		BeginReloadAssembly (310ms)
			ExecutionOrderSort (0ms)
			DisableScriptedObjects (11ms)
			BackupInstance (0ms)
			ReleaseScriptingObjects (0ms)
			CreateAndSetChildDomain (38ms)
		EndReloadAssembly (5854ms)
			LoadAssemblies (172ms)
			RebuildTransferFunctionScriptingTraits (0ms)
			SetupTypeCache (1730ms)
			ReleaseScriptCaches (1ms)
			RebuildScriptCaches (83ms)
			SetupLoadedEditorAssemblies (3687ms)
				LogAssemblyErrors (0ms)
				InitializePlatformSupportModulesInManaged (10ms)
				SetLoadedEditorAssemblies (1ms)
				RefreshPlugins (1ms)
				BeforeProcessingInitializeOnLoad (160ms)
				ProcessInitializeOnLoadAttributes (676ms)
				ProcessInitializeOnLoadMethodAttributes (2825ms)
				AfterProcessingInitializeOnLoad (13ms)
				EditorAssembliesLoaded (1ms)
			ExecutionOrderSort2 (0ms)
			AwakeInstancesAfterBackupRestoration (12ms)
Platform modules already initialized, skipping
========================================================================
Worker process is ready to serve import requests
Launched and connected shader compiler UnityShaderCompiler.exe after 0.19 seconds
Refreshing native plugins compatible for Editor in 0.50 ms, found 2 plugins.
Preloading 0 native plugins for Editor in 0.00 ms.
Unloading 1544 Unused Serialized files (Serialized files now loaded: 0)
System memory in use before: 69.7 MB.
System memory in use after: 69.8 MB.

Unloading 21 unused Assets to reduce memory usage. Loaded Objects now: 2000.
Total: 4.518400 ms (FindLiveObjects: 0.230700 ms CreateObjectMapping: 0.080700 ms MarkObjects: 4.115900 ms  DeleteObjects: 0.089500 ms)

AssetImportParameters requested are different than current active one (requested -> active):
  custom:framework-win-MediaFoundation: 216162199b28c13a410421893ffa2e32 -> 
  custom:video-decoder-ogg-theora: a1e56fd34408186e4bbccfd4996cb3dc -> 
  custom:container-muxer-webm: aa71ff27fc2769a1b78a27578f13a17b -> 
  custom:container-demuxer-webm: 4f35f7cbe854078d1ac9338744f61a02 -> 
  custom:container-demuxer-ogg: 62fdf1f143b41e24485cea50d1cbac27 -> 
  custom:video-encoder-webm-vp8: eb34c28f22e8b96e1ab97ce403110664 -> 
  custom:video-decoder-webm-vp8: 9c59270c3fd7afecdb556c50c9e8de78 -> 
  custom:audio-decoder-ogg-vorbis: bf7c407c2cedff20999df2af8eb42d56 -> 
  custom:audio-encoder-webm-vorbis: bf7c407c2cedff20999df2af8eb42d56 -> 
========================================================================
Received Import Request.
  path: Assets/Green.mat
  artifactKey: Guid(169becb4eb0303845a56c8f21fe6bfda) Importer(815301076,1909f56bfc062723c751e8b465ee728b)
Start importing Assets/Green.mat using Guid(169becb4eb0303845a56c8f21fe6bfda) Importer(815301076,1909f56bfc062723c751e8b465ee728b)  -> (artifact id: 'f690db2c298c8f30e9ce68c28a2f1342') in 0.213654 seconds 
  Import took 0.219355 seconds .

========================================================================
Received Import Request.
  Time since last request: 0.000282 seconds.
  path: Assets/New Material.mat
  artifactKey: Guid(333496191ab9e184987de23dc9e34596) Importer(815301076,1909f56bfc062723c751e8b465ee728b)
Start importing Assets/New Material.mat using Guid(333496191ab9e184987de23dc9e34596) Importer(815301076,1909f56bfc062723c751e8b465ee728b)  -> (artifact id: 'f6d02350ecb005fbf9cc567bae62cb07') in 0.049419 seconds 
  Import took 0.055627 seconds .

========================================================================
Received Import Request.
  Time since last request: 0.000288 seconds.
  path: Assets/Red.mat
  artifactKey: Guid(0144630fc892b6149a8bbf970fa29f46) Importer(815301076,1909f56bfc062723c751e8b465ee728b)
Start importing Assets/Red.mat using Guid(0144630fc892b6149a8bbf970fa29f46) Importer(815301076,1909f56bfc062723c751e8b465ee728b)  -> (artifact id: '9694f809756c883d7f76c1e51b67d438') in 0.036120 seconds 
  Import took 0.043433 seconds .

========================================================================
Received Import Request.
  Time since last request: 3.394137 seconds.
  path: Assets/Blue.mat
  artifactKey: Guid(333496191ab9e184987de23dc9e34596) Importer(815301076,1909f56bfc062723c751e8b465ee728b)
Start importing Assets/Blue.mat using Guid(333496191ab9e184987de23dc9e34596) Importer(815301076,1909f56bfc062723c751e8b465ee728b)  -> (artifact id: 'fff5b922eaf3db5e243e6bb39a019828') in 0.032476 seconds 
  Import took 0.040598 seconds .

========================================================================
Received Import Request.
  Time since last request: 489.424108 seconds.
  path: Assets/Blue.mat
  artifactKey: Guid(333496191ab9e184987de23dc9e34596) Importer(815301076,1909f56bfc062723c751e8b465ee728b)
Start importing Assets/Blue.mat using Guid(333496191ab9e184987de23dc9e34596) Importer(815301076,1909f56bfc062723c751e8b465ee728b)  -> (artifact id: '67166c3dccc6d9891da5b730b18262a9') in 0.101327 seconds 
  Import took 0.114112 seconds .

========================================================================
Received Import Request.
  Time since last request: 0.000389 seconds.
  path: Assets/Green.mat
  artifactKey: Guid(169becb4eb0303845a56c8f21fe6bfda) Importer(815301076,1909f56bfc062723c751e8b465ee728b)
Start importing Assets/Green.mat using Guid(169becb4eb0303845a56c8f21fe6bfda) Importer(815301076,1909f56bfc062723c751e8b465ee728b)  -> (artifact id: '65c8d4b097076390454b77b373c3c617') in 0.036683 seconds 
  Import took 0.045186 seconds .

========================================================================
Received Import Request.
  Time since last request: 0.000328 seconds.
  path: Assets/Wander.asset
  artifactKey: Guid(5342174c5cef9514cb5144fcc7df4d2b) Importer(815301076,1909f56bfc062723c751e8b465ee728b)
Start importing Assets/Wander.asset using Guid(5342174c5cef9514cb5144fcc7df4d2b) Importer(815301076,1909f56bfc062723c751e8b465ee728b)  -> (artifact id: '3709cdc0432667f5a11af56ceaa790c6') in 0.073072 seconds 
  Import took 0.082024 seconds .

========================================================================
Received Import Request.
  Time since last request: 0.000254 seconds.
  path: Assets/Red.mat
  artifactKey: Guid(0144630fc892b6149a8bbf970fa29f46) Importer(815301076,1909f56bfc062723c751e8b465ee728b)
Start importing Assets/Red.mat using Guid(0144630fc892b6149a8bbf970fa29f46) Importer(815301076,1909f56bfc062723c751e8b465ee728b)  -> (artifact id: 'ce374b6af494f1d7458372520e8f2ba6') in 0.029293 seconds 
  Import took 0.034424 seconds .

========================================================================
Received Import Request.
  Time since last request: 577.118280 seconds.
  path: Assets/Wander.asset
  artifactKey: Guid(5342174c5cef9514cb5144fcc7df4d2b) Importer(815301076,1909f56bfc062723c751e8b465ee728b)
Start importing Assets/Wander.asset using Guid(5342174c5cef9514cb5144fcc7df4d2b) Importer(815301076,1909f56bfc062723c751e8b465ee728b)  -> (artifact id: '475e0bd818c845c72e0bab5f916eab09') in 0.018624 seconds 
  Import took 0.027088 seconds .

========================================================================
Received Prepare
Registering precompiled user dll's ...
Registered in 0.011134 seconds.
Begin MonoManager ReloadAssembly
Native extension for WindowsStandalone target not found
Native extension for WebGL target not found
Refreshing native plugins compatible for Editor in 0.53 ms, found 2 plugins.
Preloading 0 native plugins for Editor in 0.00 ms.
Mono: successfully reloaded assembly
- Completed reload, in  3.666 seconds
Domain Reload Profiling:
	ReloadAssembly (3667ms)
		BeginReloadAssembly (266ms)
			ExecutionOrderSort (0ms)
			DisableScriptedObjects (7ms)
			BackupInstance (0ms)
			ReleaseScriptingObjects (0ms)
			CreateAndSetChildDomain (66ms)
		EndReloadAssembly (3165ms)
			LoadAssemblies (251ms)
			RebuildTransferFunctionScriptingTraits (0ms)
			SetupTypeCache (802ms)
			ReleaseScriptCaches (1ms)
			RebuildScriptCaches (89ms)
			SetupLoadedEditorAssemblies (1858ms)
				LogAssemblyErrors (0ms)
				InitializePlatformSupportModulesInManaged (11ms)
				SetLoadedEditorAssemblies (1ms)
				RefreshPlugins (1ms)
				BeforeProcessingInitializeOnLoad (156ms)
				ProcessInitializeOnLoadAttributes (513ms)
				ProcessInitializeOnLoadMethodAttributes (1165ms)
				AfterProcessingInitializeOnLoad (11ms)
				EditorAssembliesLoaded (1ms)
			ExecutionOrderSort2 (0ms)
			AwakeInstancesAfterBackupRestoration (14ms)
Platform modules already initialized, skipping
Refreshing native plugins compatible for Editor in 0.53 ms, found 2 plugins.
Preloading 0 native plugins for Editor in 0.00 ms.
Unloading 1538 Unused Serialized files (Serialized files now loaded: 0)
System memory in use before: 72.9 MB.
System memory in use after: 73.0 MB.

Unloading 16 unused Assets to reduce memory usage. Loaded Objects now: 2042.
Total: 7.868900 ms (FindLiveObjects: 0.289100 ms CreateObjectMapping: 0.095500 ms MarkObjects: 7.451900 ms  DeleteObjects: 0.029500 ms)

AssetImportParameters requested are different than current active one (requested -> active):
  custom:framework-win-MediaFoundation: 216162199b28c13a410421893ffa2e32 -> 
  custom:video-decoder-ogg-theora: a1e56fd34408186e4bbccfd4996cb3dc -> 
  custom:container-muxer-webm: aa71ff27fc2769a1b78a27578f13a17b -> 
  custom:container-demuxer-webm: 4f35f7cbe854078d1ac9338744f61a02 -> 
  custom:container-demuxer-ogg: 62fdf1f143b41e24485cea50d1cbac27 -> 
  custom:video-encoder-webm-vp8: eb34c28f22e8b96e1ab97ce403110664 -> 
  custom:video-decoder-webm-vp8: 9c59270c3fd7afecdb556c50c9e8de78 -> 
  custom:audio-decoder-ogg-vorbis: bf7c407c2cedff20999df2af8eb42d56 -> 
  custom:audio-encoder-webm-vorbis: bf7c407c2cedff20999df2af8eb42d56 -> 
========================================================================
Received Prepare
Registering precompiled user dll's ...
Registered in 0.019903 seconds.
Begin MonoManager ReloadAssembly
Native extension for WindowsStandalone target not found
Native extension for WebGL target not found
Refreshing native plugins compatible for Editor in 0.45 ms, found 2 plugins.
Preloading 0 native plugins for Editor in 0.00 ms.
Mono: successfully reloaded assembly
- Completed reload, in  3.658 seconds
Domain Reload Profiling:
	ReloadAssembly (3659ms)
		BeginReloadAssembly (361ms)
			ExecutionOrderSort (0ms)
			DisableScriptedObjects (12ms)
			BackupInstance (0ms)
			ReleaseScriptingObjects (0ms)
			CreateAndSetChildDomain (98ms)
		EndReloadAssembly (2955ms)
			LoadAssemblies (240ms)
			RebuildTransferFunctionScriptingTraits (0ms)
			SetupTypeCache (619ms)
			ReleaseScriptCaches (1ms)
			RebuildScriptCaches (86ms)
			SetupLoadedEditorAssemblies (1810ms)
				LogAssemblyErrors (0ms)
				InitializePlatformSupportModulesInManaged (14ms)
				SetLoadedEditorAssemblies (1ms)
				RefreshPlugins (1ms)
				BeforeProcessingInitializeOnLoad (151ms)
				ProcessInitializeOnLoadAttributes (357ms)
				ProcessInitializeOnLoadMethodAttributes (1275ms)
				AfterProcessingInitializeOnLoad (11ms)
				EditorAssembliesLoaded (1ms)
			ExecutionOrderSort2 (0ms)
			AwakeInstancesAfterBackupRestoration (13ms)
Platform modules already initialized, skipping
Refreshing native plugins compatible for Editor in 0.88 ms, found 2 plugins.
Preloading 0 native plugins for Editor in 0.00 ms.
Unloading 1538 Unused Serialized files (Serialized files now loaded: 0)
System memory in use before: 72.9 MB.
System memory in use after: 73.0 MB.

Unloading 16 unused Assets to reduce memory usage. Loaded Objects now: 2044.
Total: 5.407300 ms (FindLiveObjects: 0.331900 ms CreateObjectMapping: 0.078400 ms MarkObjects: 4.951400 ms  DeleteObjects: 0.043700 ms)

AssetImportParameters requested are different than current active one (requested -> active):
  custom:framework-win-MediaFoundation: 216162199b28c13a410421893ffa2e32 -> 
  custom:video-decoder-ogg-theora: a1e56fd34408186e4bbccfd4996cb3dc -> 
  custom:container-muxer-webm: aa71ff27fc2769a1b78a27578f13a17b -> 
  custom:container-demuxer-webm: 4f35f7cbe854078d1ac9338744f61a02 -> 
  custom:container-demuxer-ogg: 62fdf1f143b41e24485cea50d1cbac27 -> 
  custom:video-encoder-webm-vp8: eb34c28f22e8b96e1ab97ce403110664 -> 
  custom:video-decoder-webm-vp8: 9c59270c3fd7afecdb556c50c9e8de78 -> 
  custom:audio-decoder-ogg-vorbis: bf7c407c2cedff20999df2af8eb42d56 -> 
  custom:audio-encoder-webm-vorbis: bf7c407c2cedff20999df2af8eb42d56 -> 
========================================================================
Received Import Request.
  Time since last request: 1762.062919 seconds.
  path: Assets/Wander.asset
  artifactKey: Guid(5342174c5cef9514cb5144fcc7df4d2b) Importer(815301076,1909f56bfc062723c751e8b465ee728b)
Start importing Assets/Wander.asset using Guid(5342174c5cef9514cb5144fcc7df4d2b) Importer(815301076,1909f56bfc062723c751e8b465ee728b)  -> (artifact id: '1f5ce9ef5dc64c89b743cf8bd0144c79') in 0.059455 seconds 
  Import took 0.065066 seconds .

========================================================================
Received Prepare
Registering precompiled user dll's ...
Registered in 0.018849 seconds.
Begin MonoManager ReloadAssembly
Native extension for WindowsStandalone target not found
Native extension for WebGL target not found
Refreshing native plugins compatible for Editor in 0.69 ms, found 2 plugins.
Preloading 0 native plugins for Editor in 0.00 ms.
Mono: successfully reloaded assembly
- Completed reload, in  4.024 seconds
Domain Reload Profiling:
	ReloadAssembly (4029ms)
		BeginReloadAssembly (287ms)
			ExecutionOrderSort (0ms)
			DisableScriptedObjects (22ms)
			BackupInstance (0ms)
			ReleaseScriptingObjects (0ms)
			CreateAndSetChildDomain (90ms)
		EndReloadAssembly (3573ms)
			LoadAssemblies (238ms)
			RebuildTransferFunctionScriptingTraits (0ms)
			SetupTypeCache (732ms)
			ReleaseScriptCaches (5ms)
			RebuildScriptCaches (115ms)
			SetupLoadedEditorAssemblies (2235ms)
				LogAssemblyErrors (0ms)
				InitializePlatformSupportModulesInManaged (11ms)
				SetLoadedEditorAssemblies (2ms)
				RefreshPlugins (1ms)
				BeforeProcessingInitializeOnLoad (180ms)
				ProcessInitializeOnLoadAttributes (469ms)
				ProcessInitializeOnLoadMethodAttributes (1544ms)
				AfterProcessingInitializeOnLoad (26ms)
				EditorAssembliesLoaded (2ms)
			ExecutionOrderSort2 (0ms)
			AwakeInstancesAfterBackupRestoration (18ms)
Platform modules already initialized, skipping
Refreshing native plugins compatible for Editor in 0.48 ms, found 2 plugins.
Preloading 0 native plugins for Editor in 0.00 ms.
Unloading 1538 Unused Serialized files (Serialized files now loaded: 0)
System memory in use before: 72.9 MB.
System memory in use after: 73.1 MB.

Unloading 16 unused Assets to reduce memory usage. Loaded Objects now: 2046.
Total: 8.663400 ms (FindLiveObjects: 0.302300 ms CreateObjectMapping: 0.108700 ms MarkObjects: 8.150700 ms  DeleteObjects: 0.099400 ms)

AssetImportParameters requested are different than current active one (requested -> active):
  custom:framework-win-MediaFoundation: 216162199b28c13a410421893ffa2e32 -> 
  custom:video-decoder-ogg-theora: a1e56fd34408186e4bbccfd4996cb3dc -> 
  custom:container-muxer-webm: aa71ff27fc2769a1b78a27578f13a17b -> 
  custom:container-demuxer-webm: 4f35f7cbe854078d1ac9338744f61a02 -> 
  custom:container-demuxer-ogg: 62fdf1f143b41e24485cea50d1cbac27 -> 
  custom:video-encoder-webm-vp8: eb34c28f22e8b96e1ab97ce403110664 -> 
  custom:video-decoder-webm-vp8: 9c59270c3fd7afecdb556c50c9e8de78 -> 
  custom:audio-decoder-ogg-vorbis: bf7c407c2cedff20999df2af8eb42d56 -> 
  custom:audio-encoder-webm-vorbis: bf7c407c2cedff20999df2af8eb42d56 -> 
========================================================================
Received Import Request.
  Time since last request: 511.138213 seconds.
  path: Assets/Wander.asset
  artifactKey: Guid(5342174c5cef9514cb5144fcc7df4d2b) Importer(815301076,1909f56bfc062723c751e8b465ee728b)
Start importing Assets/Wander.asset using Guid(5342174c5cef9514cb5144fcc7df4d2b) Importer(815301076,1909f56bfc062723c751e8b465ee728b)  -> (artifact id: '8771412072227f7a888807ccd5532923') in 0.054880 seconds 
  Import took 0.059564 seconds .

========================================================================
Received Prepare
Registering precompiled user dll's ...
Registered in 0.018432 seconds.
Begin MonoManager ReloadAssembly
Native extension for WindowsStandalone target not found
Native extension for WebGL target not found
Refreshing native plugins compatible for Editor in 0.42 ms, found 2 plugins.
Preloading 0 native plugins for Editor in 0.00 ms.
Mono: successfully reloaded assembly
- Completed reload, in  1.864 seconds
Domain Reload Profiling:
	ReloadAssembly (1864ms)
		BeginReloadAssembly (176ms)
			ExecutionOrderSort (0ms)
			DisableScriptedObjects (5ms)
			BackupInstance (0ms)
			ReleaseScriptingObjects (0ms)
			CreateAndSetChildDomain (44ms)
		EndReloadAssembly (1553ms)
			LoadAssemblies (185ms)
			RebuildTransferFunctionScriptingTraits (0ms)
			SetupTypeCache (324ms)
			ReleaseScriptCaches (1ms)
			RebuildScriptCaches (44ms)
			SetupLoadedEditorAssemblies (924ms)
				LogAssemblyErrors (0ms)
				InitializePlatformSupportModulesInManaged (12ms)
				SetLoadedEditorAssemblies (1ms)
				RefreshPlugins (1ms)
				BeforeProcessingInitializeOnLoad (89ms)
				ProcessInitializeOnLoadAttributes (203ms)
				ProcessInitializeOnLoadMethodAttributes (612ms)
				AfterProcessingInitializeOnLoad (7ms)
				EditorAssembliesLoaded (0ms)
			ExecutionOrderSort2 (0ms)
			AwakeInstancesAfterBackupRestoration (8ms)
Platform modules already initialized, skipping
Refreshing native plugins compatible for Editor in 0.42 ms, found 2 plugins.
Preloading 0 native plugins for Editor in 0.00 ms.
Unloading 1538 Unused Serialized files (Serialized files now loaded: 0)
System memory in use before: 73.0 MB.
System memory in use after: 73.1 MB.

Unloading 16 unused Assets to reduce memory usage. Loaded Objects now: 2048.
Total: 3.377600 ms (FindLiveObjects: 0.189400 ms CreateObjectMapping: 0.061700 ms MarkObjects: 3.103600 ms  DeleteObjects: 0.021800 ms)

AssetImportParameters requested are different than current active one (requested -> active):
  custom:framework-win-MediaFoundation: 216162199b28c13a410421893ffa2e32 -> 
  custom:video-decoder-ogg-theora: a1e56fd34408186e4bbccfd4996cb3dc -> 
  custom:container-muxer-webm: aa71ff27fc2769a1b78a27578f13a17b -> 
  custom:container-demuxer-webm: 4f35f7cbe854078d1ac9338744f61a02 -> 
  custom:container-demuxer-ogg: 62fdf1f143b41e24485cea50d1cbac27 -> 
  custom:video-encoder-webm-vp8: eb34c28f22e8b96e1ab97ce403110664 -> 
  custom:video-decoder-webm-vp8: 9c59270c3fd7afecdb556c50c9e8de78 -> 
  custom:audio-decoder-ogg-vorbis: bf7c407c2cedff20999df2af8eb42d56 -> 
  custom:audio-encoder-webm-vorbis: bf7c407c2cedff20999df2af8eb42d56 -> 
========================================================================
Received Import Request.
  Time since last request: 1792.475569 seconds.
  path: Assets/ClickANdGo.asset
  artifactKey: Guid(822d90870a9e57842aa1ebfaa08c2ef4) Importer(815301076,1909f56bfc062723c751e8b465ee728b)
Start importing Assets/ClickANdGo.asset using Guid(822d90870a9e57842aa1ebfaa08c2ef4) Importer(815301076,1909f56bfc062723c751e8b465ee728b)  -> (artifact id: 'dc25f88ddd1844783211883131036c1d') in 0.043895 seconds 
  Import took 0.049244 seconds .

========================================================================
Received Import Request.
  Time since last request: 262.712908 seconds.
  path: Assets/ClickANdGo.asset
  artifactKey: Guid(822d90870a9e57842aa1ebfaa08c2ef4) Importer(815301076,1909f56bfc062723c751e8b465ee728b)
Start importing Assets/ClickANdGo.asset using Guid(822d90870a9e57842aa1ebfaa08c2ef4) Importer(815301076,1909f56bfc062723c751e8b465ee728b)  -> (artifact id: 'adaed7ac252954d078c66dec7daff5a7') in 0.023431 seconds 
  Import took 0.029853 seconds .

========================================================================
Received Import Request.
  Time since last request: 220.150144 seconds.
  path: Assets/ClickANdGo.asset
  artifactKey: Guid(822d90870a9e57842aa1ebfaa08c2ef4) Importer(815301076,1909f56bfc062723c751e8b465ee728b)
Start importing Assets/ClickANdGo.asset using Guid(822d90870a9e57842aa1ebfaa08c2ef4) Importer(815301076,1909f56bfc062723c751e8b465ee728b)  -> (artifact id: '25f70c2adf43650904710e9ee751af29') in 0.011646 seconds 
  Import took 0.016569 seconds .

========================================================================
Received Prepare
Registering precompiled user dll's ...
Registered in 0.013945 seconds.
Begin MonoManager ReloadAssembly
Native extension for WindowsStandalone target not found
Native extension for WebGL target not found
Refreshing native plugins compatible for Editor in 1.57 ms, found 2 plugins.
Preloading 0 native plugins for Editor in 0.00 ms.
Mono: successfully reloaded assembly
- Completed reload, in  3.730 seconds
Domain Reload Profiling:
	ReloadAssembly (3730ms)
		BeginReloadAssembly (593ms)
			ExecutionOrderSort (0ms)
			DisableScriptedObjects (19ms)
			BackupInstance (0ms)
			ReleaseScriptingObjects (0ms)
			CreateAndSetChildDomain (263ms)
		EndReloadAssembly (2979ms)
			LoadAssemblies (302ms)
			RebuildTransferFunctionScriptingTraits (0ms)
			SetupTypeCache (712ms)
			ReleaseScriptCaches (1ms)
			RebuildScriptCaches (107ms)
			SetupLoadedEditorAssemblies (1723ms)
				LogAssemblyErrors (0ms)
				InitializePlatformSupportModulesInManaged (18ms)
				SetLoadedEditorAssemblies (2ms)
				RefreshPlugins (2ms)
				BeforeProcessingInitializeOnLoad (202ms)
				ProcessInitializeOnLoadAttributes (428ms)
				ProcessInitializeOnLoadMethodAttributes (1062ms)
				AfterProcessingInitializeOnLoad (8ms)
				EditorAssembliesLoaded (0ms)
			ExecutionOrderSort2 (0ms)
			AwakeInstancesAfterBackupRestoration (7ms)
Platform modules already initialized, skipping
Refreshing native plugins compatible for Editor in 0.81 ms, found 2 plugins.
Preloading 0 native plugins for Editor in 0.00 ms.
Unloading 1538 Unused Serialized files (Serialized files now loaded: 0)
System memory in use before: 73.0 MB.
System memory in use after: 73.1 MB.

Unloading 16 unused Assets to reduce memory usage. Loaded Objects now: 2050.
Total: 3.809200 ms (FindLiveObjects: 0.193300 ms CreateObjectMapping: 0.067400 ms MarkObjects: 3.523200 ms  DeleteObjects: 0.024100 ms)

AssetImportParameters requested are different than current active one (requested -> active):
  custom:framework-win-MediaFoundation: 216162199b28c13a410421893ffa2e32 -> 
  custom:video-decoder-ogg-theora: a1e56fd34408186e4bbccfd4996cb3dc -> 
  custom:container-muxer-webm: aa71ff27fc2769a1b78a27578f13a17b -> 
  custom:container-demuxer-webm: 4f35f7cbe854078d1ac9338744f61a02 -> 
  custom:container-demuxer-ogg: 62fdf1f143b41e24485cea50d1cbac27 -> 
  custom:video-encoder-webm-vp8: eb34c28f22e8b96e1ab97ce403110664 -> 
  custom:video-decoder-webm-vp8: 9c59270c3fd7afecdb556c50c9e8de78 -> 
  custom:audio-decoder-ogg-vorbis: bf7c407c2cedff20999df2af8eb42d56 -> 
  custom:audio-encoder-webm-vorbis: bf7c407c2cedff20999df2af8eb42d56 -> 
========================================================================
Received Import Request.
  Time since last request: 84.915913 seconds.
  path: Assets/ClickANdGo.asset
  artifactKey: Guid(822d90870a9e57842aa1ebfaa08c2ef4) Importer(815301076,1909f56bfc062723c751e8b465ee728b)
Start importing Assets/ClickANdGo.asset using Guid(822d90870a9e57842aa1ebfaa08c2ef4) Importer(815301076,1909f56bfc062723c751e8b465ee728b) DeserializeNextElement: Viene otra cosa: EndElement. Terminamos -> (artifact id: 'b26d527486dc46d43a9b97bcdbc6637c') in 0.050421 seconds 
  Import took 0.054112 seconds .

========================================================================
Received Prepare
Registering precompiled user dll's ...
Registered in 0.014732 seconds.
Begin MonoManager ReloadAssembly
Native extension for WindowsStandalone target not found
Native extension for WebGL target not found
Refreshing native plugins compatible for Editor in 1.01 ms, found 2 plugins.
Preloading 0 native plugins for Editor in 0.00 ms.
Mono: successfully reloaded assembly
- Completed reload, in  4.023 seconds
Domain Reload Profiling:
	ReloadAssembly (4024ms)
		BeginReloadAssembly (482ms)
			ExecutionOrderSort (0ms)
			DisableScriptedObjects (93ms)
			BackupInstance (0ms)
			ReleaseScriptingObjects (0ms)
			CreateAndSetChildDomain (167ms)
		EndReloadAssembly (3387ms)
			LoadAssemblies (225ms)
			RebuildTransferFunctionScriptingTraits (0ms)
			SetupTypeCache (773ms)
			ReleaseScriptCaches (1ms)
			RebuildScriptCaches (121ms)
			SetupLoadedEditorAssemblies (2030ms)
				LogAssemblyErrors (0ms)
				InitializePlatformSupportModulesInManaged (15ms)
				SetLoadedEditorAssemblies (1ms)
				RefreshPlugins (1ms)
				BeforeProcessingInitializeOnLoad (206ms)
				ProcessInitializeOnLoadAttributes (508ms)
				ProcessInitializeOnLoadMethodAttributes (1283ms)
				AfterProcessingInitializeOnLoad (14ms)
				EditorAssembliesLoaded (1ms)
			ExecutionOrderSort2 (0ms)
			AwakeInstancesAfterBackupRestoration (16ms)
Platform modules already initialized, skipping
Refreshing native plugins compatible for Editor in 0.86 ms, found 2 plugins.
Preloading 0 native plugins for Editor in 0.00 ms.
Unloading 1538 Unused Serialized files (Serialized files now loaded: 0)
System memory in use before: 73.0 MB.
System memory in use after: 73.1 MB.

Unloading 16 unused Assets to reduce memory usage. Loaded Objects now: 2052.
Total: 7.098600 ms (FindLiveObjects: 0.543500 ms CreateObjectMapping: 0.274500 ms MarkObjects: 6.240200 ms  DeleteObjects: 0.034700 ms)

AssetImportParameters requested are different than current active one (requested -> active):
  custom:framework-win-MediaFoundation: 216162199b28c13a410421893ffa2e32 -> 
  custom:video-decoder-ogg-theora: a1e56fd34408186e4bbccfd4996cb3dc -> 
  custom:container-muxer-webm: aa71ff27fc2769a1b78a27578f13a17b -> 
  custom:container-demuxer-webm: 4f35f7cbe854078d1ac9338744f61a02 -> 
  custom:container-demuxer-ogg: 62fdf1f143b41e24485cea50d1cbac27 -> 
  custom:video-encoder-webm-vp8: eb34c28f22e8b96e1ab97ce403110664 -> 
  custom:video-decoder-webm-vp8: 9c59270c3fd7afecdb556c50c9e8de78 -> 
  custom:audio-decoder-ogg-vorbis: bf7c407c2cedff20999df2af8eb42d56 -> 
  custom:audio-encoder-webm-vorbis: bf7c407c2cedff20999df2af8eb42d56 -> 
========================================================================
Received Import Request.
  Time since last request: 46.287988 seconds.
  path: Assets/ClickANdGo.asset
  artifactKey: Guid(822d90870a9e57842aa1ebfaa08c2ef4) Importer(815301076,1909f56bfc062723c751e8b465ee728b)
Start importing Assets/ClickANdGo.asset using Guid(822d90870a9e57842aa1ebfaa08c2ef4) Importer(815301076,1909f56bfc062723c751e8b465ee728b) DeserializeNextElement: Viene otra cosa: EndElement. Terminamos -> (artifact id: 'f5c1d4b97f41c047553934de27195dbb') in 0.076608 seconds 
  Import took 0.082087 seconds .

========================================================================
Received Import Request.
  Time since last request: 223.513854 seconds.
  path: Assets/149042880_2869523043333405_8867094601290023337_n.jpg
  artifactKey: Guid(5c165cbc4cb68ea41ad6b0165b5c014a) Importer(815301076,1909f56bfc062723c751e8b465ee728b)
Start importing Assets/149042880_2869523043333405_8867094601290023337_n.jpg using Guid(5c165cbc4cb68ea41ad6b0165b5c014a) Importer(815301076,1909f56bfc062723c751e8b465ee728b)  -> (artifact id: '5d178804d3658702e54778eb09782054') in 0.113101 seconds 
  Import took 0.117852 seconds .

========================================================================
Received Import Request.
  Time since last request: 10.765482 seconds.
  path: Assets
  artifactKey: Guid(00000000000000001000000000000000) Importer(815301076,1909f56bfc062723c751e8b465ee728b)
Start importing Assets using Guid(00000000000000001000000000000000) Importer(815301076,1909f56bfc062723c751e8b465ee728b)  -> (artifact id: '42d402b061de3733987d63b9cc3b64de') in 0.021377 seconds 
  Import took 0.026471 seconds .

========================================================================
Received Import Request.
  Time since last request: 9.872591 seconds.
  path: Assets/319.mat
  artifactKey: Guid(876f0b8b955b7a54ba5231bdb3ed1fbd) Importer(815301076,1909f56bfc062723c751e8b465ee728b)
Start importing Assets/319.mat using Guid(876f0b8b955b7a54ba5231bdb3ed1fbd) Importer(815301076,1909f56bfc062723c751e8b465ee728b)  -> (artifact id: '7fc97b8bbb2adb4836783567b0918d7f') in 0.070607 seconds 
  Import took 0.075116 seconds .

========================================================================
Received Import Request.
  Time since last request: 39.483913 seconds.
  path: Assets/New Material.mat
  artifactKey: Guid(1610bc82d3f13c4469839e947e4c0b08) Importer(815301076,1909f56bfc062723c751e8b465ee728b)
Start importing Assets/New Material.mat using Guid(1610bc82d3f13c4469839e947e4c0b08) Importer(815301076,1909f56bfc062723c751e8b465ee728b)  -> (artifact id: 'd73a46b909b0b8046ec09c3cdfed2608') in 0.017891 seconds 
  Import took 0.024302 seconds .

========================================================================
Received Import Request.
  Time since last request: 45.576743 seconds.
  path: Assets/319.mat
  artifactKey: Guid(876f0b8b955b7a54ba5231bdb3ed1fbd) Importer(815301076,1909f56bfc062723c751e8b465ee728b)
Start importing Assets/319.mat using Guid(876f0b8b955b7a54ba5231bdb3ed1fbd) Importer(815301076,1909f56bfc062723c751e8b465ee728b)  -> (artifact id: '2b24539e69729e0ca98ca0a59e9d9f06') in 0.032343 seconds 
  Import took 0.039948 seconds .

AssetImportWorkerClient::OnTransportError - code=2 error=End of file
